i420_cache_usage: 0
process_mem_usage: 20
process_mem_usage: 23
i420_cache_usage: 0
process_mem_usage: 24
i420_cache_usage: 0
process_mem_usage: 24
i420_cache_usage: 0
process_mem_usage: 24
i420_cache_usage: 0
process_mem_usage: 24
i420_cache_usage: 0
process_mem_usage: 24
i420_cache_usage: 0
process_mem_usage: 22
i420_cache_usage: 0
process_mem_usage: 25
i420_cache_usage: 0
process_mem_usage: 25
i420_cache_usage: 0
process_mem_usage: 25
i420_cache_usage: 0
process_mem_usage: 25
i420_cache_usage: 0
process_mem_usage: 25
i420_cache_usage: 0
process_mem_usage: 25
i420_cache_usage: 0
process_mem_usage: 25
i420_cache_usage: 0
process_mem_usage: 24
i420_cache_usage: 0
process_mem_usage: 24
i420_cache_usage: 0
process_mem_usage: 21
i420_cache_usage: 0
process_mem_usage: 24
i420_cache_usage: 0
process_mem_usage: 24
i420_cache_usage: 0
process_mem_usage: 24
i420_cache_usage: 0
process_mem_usage: 25
i420_cache_usage: 0
process_mem_usage: 25
i420_cache_usage: 0
process_mem_usage: 25
i420_cache_usage: 0
process_mem_usage: 25
i420_cache_usage: 0
process_mem_usage: 25
i420_cache_usage: 0
process_mem_usage: 25
i420_cache_usage: 0
process_mem_usage: 26
i420_cache_usage: 0
process_mem_usage: 25
i420_cache_usage: 0
process_mem_usage: 22
i420_cache_usage: 0
process_mem_usage: 24
i420_cache_usage: 0
process_mem_usage: 24
i420_cache_usage: 0
process_mem_usage: 25
i420_cache_usage: 0
process_mem_usage: 25
i420_cache_usage: 0
process_mem_usage: 25
i420_cache_usage: 0
process_mem_usage: 25
i420_cache_usage: 0
process_mem_usage: 25
i420_cache_usage: 0
process_mem_usage: 25
i420_cache_usage: 0
process_mem_usage: 26
i420_cache_usage: 0
process_mem_usage: 26
i420_cache_usage: 0
process_mem_usage: 25
i420_cache_usage: 0
process_mem_usage: 25
i420_cache_usage: 0
process_mem_usage: 26
i420_cache_usage: 0
process_mem_usage: 26
i420_cache_usage: 0
process_mem_usage: 26
i420_cache_usage: 0
process_mem_usage: 26
i420_cache_usage: 0
process_mem_usage: 26
i420_cache_usage: 0
process_mem_usage: 26
i420_cache_usage: 0
process_mem_usage: 27
i420_cache_usage: 0
process_mem_usage: 25
i420_cache_usage: 0
process_mem_usage: 25
i420_cache_usage: 0
process_mem_usage: 26
i420_cache_usage: 0
process_mem_usage: 26
i420_cache_usage: 0
process_mem_usage: 26
i420_cache_usage: 0
process_mem_usage: 25
i420_cache_usage: 0
process_mem_usage: 25
i420_cache_usage: 0
process_mem_usage: 24
i420_cache_usage: 0
process_mem_usage: 26
i420_cache_usage: 0
process_mem_usage: 27
i420_cache_usage: 0
process_mem_usage: 28
i420_cache_usage: 0
process_mem_usage: 28
i420_cache_usage: 0
process_mem_usage: 29
i420_cache_usage: 0
process_mem_usage: 29
i420_cache_usage: 0
process_mem_usage: 24
i420_cache_usage: 0
process_mem_usage: 23
i420_cache_usage: 0
process_mem_usage: 23
i420_cache_usage: 0
process_mem_usage: 23
i420_cache_usage: 0
process_mem_usage: 23
i420_cache_usage: 0
process_mem_usage: 23
i420_cache_usage: 0
process_mem_usage: 23
i420_cache_usage: 0
process_mem_usage: 23
i420_cache_usage: 0
process_mem_usage: 23
i420_cache_usage: 0
process_mem_usage: 23
i420_cache_usage: 0
process_mem_usage: 23
i420_cache_usage: 0
process_mem_usage: 23
i420_cache_usage: 0
process_mem_usage: 23
i420_cache_usage: 0
process_mem_usage: 24
i420_cache_usage: 0
process_mem_usage: 24
i420_cache_usage: 0
process_mem_usage: 25
i420_cache_usage: 0
process_mem_usage: 26
i420_cache_usage: 0
process_mem_usage: 26
i420_cache_usage: 0
process_mem_usage: 27
i420_cache_usage: 0
process_mem_usage: 24
i420_cache_usage: 0
process_mem_usage: 24
i420_cache_usage: 0
process_mem_usage: 23
i420_cache_usage: 0
process_mem_usage: 24
i420_cache_usage: 0
process_mem_usage: 25
i420_cache_usage: 0
process_mem_usage: 24
i420_cache_usage: 0
process_mem_usage: 24
i420_cache_usage: 0
process_mem_usage: 24
i420_cache_usage: 0
process_mem_usage: 24
i420_cache_usage: 0
process_mem_usage: 24
i420_cache_usage: 0
process_mem_usage: 24
i420_cache_usage: 0
process_mem_usage: 24
i420_cache_usage: 0
process_mem_usage: 24
